[debug] [2023-11-22T03:14:53.575Z] ----------------------------------------------------------------------
[debug] [2023-11-22T03:14:53.578Z] Command:       C:\Program Files\nodejs\node.exe C:\Users\ADMIN\AppData\Roaming\npm\node_modules\firebase-tools\lib\bin\firebase.js init
[debug] [2023-11-22T03:14:53.579Z] CLI Version:   12.8.1
[debug] [2023-11-22T03:14:53.579Z] Platform:      win32
[debug] [2023-11-22T03:14:53.579Z] Node Version:  v18.17.1
[debug] [2023-11-22T03:14:53.581Z] Time:          Wed Nov 22 2023 04:14:53 GMT+0100 (West Africa Standard Time)
[debug] [2023-11-22T03:14:53.581Z] ----------------------------------------------------------------------
[debug] 
[debug] [2023-11-22T03:14:53.602Z] >>> [apiv2][query] GET https://firebase-public.firebaseio.com/cli.json [none]
[debug] [2023-11-22T03:14:53.706Z] > command requires scopes: ["email","openid","https://www.googleapis.com/auth/cloudplatformprojects.readonly","https://www.googleapis.com/auth/firebase","https://www.googleapis.com/auth/cloud-platform"]
[debug] [2023-11-22T03:14:53.707Z] > authorizing via signed-in user (geethatcher@gmail.com)
[info] 
     ######## #### ########  ######## ########     ###     ######  ########
     ##        ##  ##     ## ##       ##     ##  ##   ##  ##       ##
     ######    ##  ########  ######   ########  #########  ######  ######
     ##        ##  ##    ##  ##       ##     ## ##     ##       ## ##
     ##       #### ##     ## ######## ########  ##     ##  ######  ########

You're about to initialize a Firebase project in this directory:

  C:\Users\ADMIN\Desktop\crowdcare-app

[debug] [2023-11-22T03:14:54.812Z] <<< [apiv2][status] GET https://firebase-public.firebaseio.com/cli.json 200
[debug] [2023-11-22T03:14:54.813Z] <<< [apiv2][body] GET https://firebase-public.firebaseio.com/cli.json {"cloudBuildErrorAfter":1594252800000,"cloudBuildWarnAfter":1590019200000,"defaultNode10After":1594252800000,"minVersion":"3.0.5","node8DeploysDisabledAfter":1613390400000,"node8RuntimeDisabledAfter":1615809600000,"node8WarnAfter":1600128000000}
